*** Starting uWSGI 2.0.19.1 (64bit) on [Tue Jan 19 11:02:50 2021] ***
compiled with version: Apple LLVM 12.0.0 (clang-1200.0.32.27) on 18 January 2021 16:18:34
os: Darwin-19.4.0 Darwin Kernel Version 19.4.0: Wed Mar  4 22:28:40 PST 2020; root:xnu-6153.101.6~15/RELEASE_X86_64
nodename: Aidens-MacBook-Pro.local
machine: x86_64
clock source: unix
pcre jit disabled
detected number of CPU cores: 8
current working directory: /Users/aiden_zcf/PycharmProjects/Tmooc/python_leanring_code/month04/Django/django8/mysite7/mysite7
writing pidfile to uwsgi.pid
detected binary path: /opt/anaconda3/bin/uwsgi
uWSGI running as root, you can use --uid/--gid/--chroot options
*** WARNING: you are running uWSGI as root !!! (use the --uid flag) *** 
chdir() to /Users/aiden_zcf/PycharmProjects/Tmooc/python_leanring_code/month04/Django/django8/mysite7
your processes number limit is 1392
your memory page size is 4096 bytes
detected max file descriptor number: 256
lock engine: OSX spinlocks
thunder lock: disabled (you can enable it with --thunder-lock)
uWSGI http bound on 127.0.0.1:8000 fd 4
uwsgi socket 0 bound to TCP address 127.0.0.1:54534 (port auto-assigned) fd 3
uWSGI running as root, you can use --uid/--gid/--chroot options
*** WARNING: you are running uWSGI as root !!! (use the --uid flag) *** 
Python version: 3.7.4 (default, Aug 13 2019, 15:17:50)  [Clang 4.0.1 (tags/RELEASE_401/final)]
Python main interpreter initialized at 0x7f921540be00
uWSGI running as root, you can use --uid/--gid/--chroot options
*** WARNING: you are running uWSGI as root !!! (use the --uid flag) *** 
python threads support enabled
your server socket listen backlog is limited to 100 connections
your mercy for graceful operations on workers is 60 seconds
mapped 166656 bytes (162 KB) for 2 cores
*** Operational MODE: threaded ***
Traceback (most recent call last):
  File "/Users/aiden_zcf/PycharmProjects/Tmooc/python_leanring_code/month04/Django/django8/mysite7/mysite7/wsgi.py", line 12, in <module>
    from django.core.wsgi import get_wsgi_application
  File "/opt/anaconda3/lib/python3.7/site-packages/Django-2.2.17-py3.7.egg/django/__init__.py", line 1, in <module>
    from django.utils.version import get_version
  File "/opt/anaconda3/lib/python3.7/site-packages/Django-2.2.17-py3.7.egg/django/utils/version.py", line 1, in <module>
    import datetime
  File "/opt/anaconda3/lib/python3.7/datetime.py", line 8, in <module>
    import math as _math
ImportError: dlopen(/opt/anaconda3/lib/python3.7/lib-dynload/math.cpython-37m-darwin.so, 2): Symbol not found: _PyExc_MemoryError
  Referenced from: /opt/anaconda3/lib/python3.7/lib-dynload/math.cpython-37m-darwin.so
  Expected in: flat namespace
 in /opt/anaconda3/lib/python3.7/lib-dynload/math.cpython-37m-darwin.so
unable to load app 0 (mountpoint='') (callable not found or import error)
*** no app loaded. going in full dynamic mode ***
uWSGI running as root, you can use --uid/--gid/--chroot options
*** WARNING: you are running uWSGI as root !!! (use the --uid flag) *** 
*** uWSGI is running in multiple interpreter mode ***
spawned uWSGI master process (pid: 28685)
spawned uWSGI worker 1 (pid: 28686, cores: 2)
spawned uWSGI http 1 (pid: 28687)
--- no python application found, check your startup logs for errors ---
[pid: 28686|app: -1|req: -1/1] 127.0.0.1 () {52 vars in 1080 bytes} [Tue Jan 19 11:03:13 2021] GET / => generated 21 bytes in 0 msecs (HTTP/1.1 500) 2 headers in 83 bytes (1 switches on core 0)
--- no python application found, check your startup logs for errors ---
[pid: 28686|app: -1|req: -1/2] 127.0.0.1 () {50 vars in 1078 bytes} [Tue Jan 19 11:03:25 2021] GET /test_upload => generated 21 bytes in 0 msecs (HTTP/1.1 500) 2 headers in 83 bytes (1 switches on core 1)
--- no python application found, check your startup logs for errors ---
[pid: 28686|app: -1|req: -1/3] 127.0.0.1 () {52 vars in 1109 bytes} [Tue Jan 19 11:04:03 2021] GET /test_upload => generated 21 bytes in 0 msecs (HTTP/1.1 500) 2 headers in 83 bytes (1 switches on core 0)
--- no python application found, check your startup logs for errors ---
[pid: 28686|app: -1|req: -1/4] 127.0.0.1 () {52 vars in 1109 bytes} [Tue Jan 19 11:04:04 2021] GET /test_upload => generated 21 bytes in 0 msecs (HTTP/1.1 500) 2 headers in 83 bytes (0 switches on core 1)
--- no python application found, check your startup logs for errors ---
[pid: 28686|app: -1|req: -1/5] 127.0.0.1 () {52 vars in 1109 bytes} [Tue Jan 19 11:04:05 2021] GET /test_upload => generated 21 bytes in 0 msecs (HTTP/1.1 500) 2 headers in 83 bytes (0 switches on core 0)
--- no python application found, check your startup logs for errors ---
[pid: 28686|app: -1|req: -1/6] 127.0.0.1 () {52 vars in 1109 bytes} [Tue Jan 19 11:04:06 2021] GET /test_upload => generated 21 bytes in 0 msecs (HTTP/1.1 500) 2 headers in 83 bytes (0 switches on core 1)
--- no python application found, check your startup logs for errors ---
[pid: 28686|app: -1|req: -1/7] 127.0.0.1 () {52 vars in 1109 bytes} [Tue Jan 19 11:04:07 2021] GET /test_upload => generated 21 bytes in 0 msecs (HTTP/1.1 500) 2 headers in 83 bytes (1 switches on core 0)
SIGINT/SIGQUIT received...killing workers...
gateway "uWSGI http 1" has been buried (pid: 28687)
worker 1 buried after 1 seconds
goodbye to uWSGI.
*** Starting uWSGI 2.0.19.1 (64bit) on [Tue Jan 19 11:43:40 2021] ***
compiled with version: Apple LLVM 12.0.0 (clang-1200.0.32.27) on 18 January 2021 16:18:34
os: Darwin-19.4.0 Darwin Kernel Version 19.4.0: Wed Mar  4 22:28:40 PST 2020; root:xnu-6153.101.6~15/RELEASE_X86_64
nodename: Aidens-MacBook-Pro.local
machine: x86_64
clock source: unix
pcre jit disabled
detected number of CPU cores: 8
current working directory: /Users/aiden_zcf/PycharmProjects/Tmooc/python_leanring_code/month04/Django/django8/mysite7/mysite7
writing pidfile to uwsgi.pid
detected binary path: /opt/anaconda3/bin/uwsgi
uWSGI running as root, you can use --uid/--gid/--chroot options
*** WARNING: you are running uWSGI as root !!! (use the --uid flag) *** 
chdir() to /Users/aiden_zcf/PycharmProjects/Tmooc/python_leanring_code/month04/Django/django8/mysite7
your processes number limit is 1392
your memory page size is 4096 bytes
detected max file descriptor number: 256
lock engine: OSX spinlocks
thunder lock: disabled (you can enable it with --thunder-lock)
uwsgi socket 0 bound to TCP address 127.0.0.1:8000 fd 3
uWSGI running as root, you can use --uid/--gid/--chroot options
*** WARNING: you are running uWSGI as root !!! (use the --uid flag) *** 
Python version: 3.7.4 (default, Aug 13 2019, 15:17:50)  [Clang 4.0.1 (tags/RELEASE_401/final)]
Python main interpreter initialized at 0x7fbc87f04fb0
uWSGI running as root, you can use --uid/--gid/--chroot options
*** WARNING: you are running uWSGI as root !!! (use the --uid flag) *** 
python threads support enabled
your server socket listen backlog is limited to 100 connections
your mercy for graceful operations on workers is 60 seconds
mapped 166656 bytes (162 KB) for 2 cores
*** Operational MODE: threaded ***
Traceback (most recent call last):
  File "/Users/aiden_zcf/PycharmProjects/Tmooc/python_leanring_code/month04/Django/django8/mysite7/mysite7/wsgi.py", line 12, in <module>
    from django.core.wsgi import get_wsgi_application
  File "/opt/anaconda3/lib/python3.7/site-packages/Django-2.2.17-py3.7.egg/django/__init__.py", line 1, in <module>
    from django.utils.version import get_version
  File "/opt/anaconda3/lib/python3.7/site-packages/Django-2.2.17-py3.7.egg/django/utils/version.py", line 1, in <module>
    import datetime
  File "/opt/anaconda3/lib/python3.7/datetime.py", line 8, in <module>
    import math as _math
ImportError: dlopen(/opt/anaconda3/lib/python3.7/lib-dynload/math.cpython-37m-darwin.so, 2): Symbol not found: _PyExc_MemoryError
  Referenced from: /opt/anaconda3/lib/python3.7/lib-dynload/math.cpython-37m-darwin.so
  Expected in: flat namespace
 in /opt/anaconda3/lib/python3.7/lib-dynload/math.cpython-37m-darwin.so
unable to load app 0 (mountpoint='') (callable not found or import error)
*** no app loaded. going in full dynamic mode ***
uWSGI running as root, you can use --uid/--gid/--chroot options
*** WARNING: you are running uWSGI as root !!! (use the --uid flag) *** 
*** uWSGI is running in multiple interpreter mode ***
spawned uWSGI master process (pid: 29038)
spawned uWSGI worker 1 (pid: 29039, cores: 2)
invalid request block size: 21573 (max 4096)...skip
invalid request block size: 21573 (max 4096)...skip
invalid request block size: 21573 (max 4096)...skip
invalid request block size: 21573 (max 4096)...skip
invalid request block size: 21573 (max 4096)...skip
invalid request block size: 21573 (max 4096)...skip
invalid request block size: 21573 (max 4096)...skip
invalid request block size: 21573 (max 4096)...skip
invalid request block size: 21573 (max 4096)...skip
invalid request block size: 21573 (max 4096)...skip
invalid request block size: 21573 (max 4096)...skip
invalid request block size: 21573 (max 4096)...skip
invalid request block size: 21573 (max 4096)...skip
invalid request block size: 21573 (max 4096)...skip
invalid request block size: 21573 (max 4096)...skip
invalid request block size: 21573 (max 4096)...skip
invalid request block size: 21573 (max 4096)...skip
invalid request block size: 21573 (max 4096)...skip
invalid request block size: 21573 (max 4096)...skip
invalid request block size: 21573 (max 4096)...skip
invalid request block size: 21573 (max 4096)...skip
SIGINT/SIGQUIT received...killing workers...
worker 1 buried after 1 seconds
goodbye to uWSGI.
*** Starting uWSGI 2.0.19.1 (64bit) on [Tue Jan 19 11:50:52 2021] ***
compiled with version: Apple LLVM 12.0.0 (clang-1200.0.32.27) on 18 January 2021 16:18:34
os: Darwin-19.4.0 Darwin Kernel Version 19.4.0: Wed Mar  4 22:28:40 PST 2020; root:xnu-6153.101.6~15/RELEASE_X86_64
nodename: Aidens-MacBook-Pro.local
machine: x86_64
clock source: unix
pcre jit disabled
detected number of CPU cores: 8
current working directory: /Users/aiden_zcf/PycharmProjects/Tmooc/python_leanring_code/month04/Django/django8/mysite7/mysite7
writing pidfile to uwsgi.pid
detected binary path: /opt/anaconda3/bin/uwsgi
uWSGI running as root, you can use --uid/--gid/--chroot options
*** WARNING: you are running uWSGI as root !!! (use the --uid flag) *** 
chdir() to /Users/aiden_zcf/PycharmProjects/Tmooc/python_leanring_code/month04/Django/django8/mysite7
your processes number limit is 1392
your memory page size is 4096 bytes
detected max file descriptor number: 256
lock engine: OSX spinlocks
thunder lock: disabled (you can enable it with --thunder-lock)
uwsgi socket 0 bound to TCP address 127.0.0.1:8000 fd 3
uWSGI running as root, you can use --uid/--gid/--chroot options
*** WARNING: you are running uWSGI as root !!! (use the --uid flag) *** 
Python version: 3.7.4 (default, Aug 13 2019, 15:17:50)  [Clang 4.0.1 (tags/RELEASE_401/final)]
Python main interpreter initialized at 0x7fc18f6053f0
uWSGI running as root, you can use --uid/--gid/--chroot options
*** WARNING: you are running uWSGI as root !!! (use the --uid flag) *** 
python threads support enabled
your server socket listen backlog is limited to 100 connections
your mercy for graceful operations on workers is 60 seconds
mapped 166656 bytes (162 KB) for 2 cores
*** Operational MODE: threaded ***
Traceback (most recent call last):
  File "/Users/aiden_zcf/PycharmProjects/Tmooc/python_leanring_code/month04/Django/django8/mysite7/mysite7/wsgi.py", line 12, in <module>
    from django.core.wsgi import get_wsgi_application
  File "/opt/anaconda3/lib/python3.7/site-packages/Django-2.2.17-py3.7.egg/django/__init__.py", line 1, in <module>
    from django.utils.version import get_version
  File "/opt/anaconda3/lib/python3.7/site-packages/Django-2.2.17-py3.7.egg/django/utils/version.py", line 1, in <module>
    import datetime
  File "/opt/anaconda3/lib/python3.7/datetime.py", line 8, in <module>
    import math as _math
ImportError: dlopen(/opt/anaconda3/lib/python3.7/lib-dynload/math.cpython-37m-darwin.so, 2): Symbol not found: _PyExc_MemoryError
  Referenced from: /opt/anaconda3/lib/python3.7/lib-dynload/math.cpython-37m-darwin.so
  Expected in: flat namespace
 in /opt/anaconda3/lib/python3.7/lib-dynload/math.cpython-37m-darwin.so
unable to load app 0 (mountpoint='') (callable not found or import error)
*** no app loaded. going in full dynamic mode ***
uWSGI running as root, you can use --uid/--gid/--chroot options
*** WARNING: you are running uWSGI as root !!! (use the --uid flag) *** 
*** uWSGI is running in multiple interpreter mode ***
spawned uWSGI master process (pid: 29129)
spawned uWSGI worker 1 (pid: 29130, cores: 2)
invalid request block size: 21573 (max 4096)...skip
invalid request block size: 21573 (max 4096)...skip
invalid request block size: 21573 (max 4096)...skip
invalid request block size: 21573 (max 4096)...skip
invalid request block size: 21573 (max 4096)...skip
invalid request block size: 21573 (max 4096)...skip
invalid request block size: 21573 (max 4096)...skip
invalid request block size: 21573 (max 4096)...skip
invalid request block size: 21573 (max 4096)...skip
invalid request block size: 21573 (max 4096)...skip
invalid request block size: 21573 (max 4096)...skip
invalid request block size: 21573 (max 4096)...skip
invalid request block size: 21573 (max 4096)...skip
invalid request block size: 21573 (max 4096)...skip
invalid request block size: 21573 (max 4096)...skip
invalid request block size: 21573 (max 4096)...skip
invalid request block size: 21573 (max 4096)...skip
invalid request block size: 21573 (max 4096)...skip
invalid request block size: 21573 (max 4096)...skip
invalid request block size: 21573 (max 4096)...skip
invalid request block size: 21573 (max 4096)...skip
invalid request block size: 21573 (max 4096)...skip
invalid request block size: 21573 (max 4096)...skip
invalid request block size: 21573 (max 4096)...skip
invalid request block size: 21573 (max 4096)...skip
invalid request block size: 21573 (max 4096)...skip
invalid request block size: 21573 (max 4096)...skip
invalid request block size: 21573 (max 4096)...skip
invalid request block size: 21573 (max 4096)...skip
invalid request block size: 21573 (max 4096)...skip
invalid request block size: 21573 (max 4096)...skip
invalid request block size: 21573 (max 4096)...skip
invalid request block size: 21573 (max 4096)...skip
invalid request block size: 21573 (max 4096)...skip
invalid request block size: 21573 (max 4096)...skip
invalid request block size: 21573 (max 4096)...skip
invalid request block size: 21573 (max 4096)...skip
invalid request block size: 21573 (max 4096)...skip
invalid request block size: 21573 (max 4096)...skip
invalid request block size: 21573 (max 4096)...skip
invalid request block size: 21573 (max 4096)...skip
invalid request block size: 21573 (max 4096)...skip
invalid request block size: 21573 (max 4096)...skip
invalid request block size: 21573 (max 4096)...skip
invalid request block size: 21573 (max 4096)...skip
invalid request block size: 21573 (max 4096)...skip
invalid request block size: 21573 (max 4096)...skip
invalid request block size: 21573 (max 4096)...skip
invalid request block size: 21573 (max 4096)...skip
invalid request block size: 21573 (max 4096)...skip
invalid request block size: 21573 (max 4096)...skip
invalid request block size: 21573 (max 4096)...skip
invalid request block size: 21573 (max 4096)...skip
invalid request block size: 21573 (max 4096)...skip
invalid request block size: 21573 (max 4096)...skip
invalid request block size: 21573 (max 4096)...skip
invalid request block size: 21573 (max 4096)...skip
invalid request block size: 21573 (max 4096)...skip
invalid request block size: 21573 (max 4096)...skip
invalid request block size: 21573 (max 4096)...skip
invalid request block size: 21573 (max 4096)...skip
invalid request block size: 21573 (max 4096)...skip
invalid request block size: 21573 (max 4096)...skip
invalid request block size: 21573 (max 4096)...skip
invalid request block size: 21573 (max 4096)...skip
invalid request block size: 21573 (max 4096)...skip
invalid request block size: 21573 (max 4096)...skip
invalid request block size: 21573 (max 4096)...skip
invalid request block size: 21573 (max 4096)...skip
invalid request block size: 21573 (max 4096)...skip
invalid request block size: 21573 (max 4096)...skip
invalid request block size: 21573 (max 4096)...skip
invalid request block size: 21573 (max 4096)...skip
invalid request block size: 21573 (max 4096)...skip
invalid request block size: 21573 (max 4096)...skip
invalid request block size: 21573 (max 4096)...skip
invalid request block size: 21573 (max 4096)...skip
invalid request block size: 21573 (max 4096)...skip
invalid request block size: 21573 (max 4096)...skip
invalid request block size: 21573 (max 4096)...skip
invalid request block size: 21573 (max 4096)...skip
invalid request block size: 21573 (max 4096)...skip
invalid request block size: 21573 (max 4096)...skip
invalid request block size: 21573 (max 4096)...skip
SIGINT/SIGQUIT received...killing workers...
worker 1 buried after 1 seconds
goodbye to uWSGI.
*** Starting uWSGI 2.0.19.1 (64bit) on [Tue Jan 19 11:59:50 2021] ***
compiled with version: Apple LLVM 12.0.0 (clang-1200.0.32.27) on 18 January 2021 16:18:34
os: Darwin-19.4.0 Darwin Kernel Version 19.4.0: Wed Mar  4 22:28:40 PST 2020; root:xnu-6153.101.6~15/RELEASE_X86_64
nodename: Aidens-MacBook-Pro.local
machine: x86_64
clock source: unix
pcre jit disabled
detected number of CPU cores: 8
current working directory: /Users/aiden_zcf/PycharmProjects/Tmooc/python_leanring_code/month04/Django/django8/mysite7/mysite7
writing pidfile to uwsgi.pid
detected binary path: /opt/anaconda3/bin/uwsgi
uWSGI running as root, you can use --uid/--gid/--chroot options
*** WARNING: you are running uWSGI as root !!! (use the --uid flag) *** 
chdir() to /Users/aiden_zcf/PycharmProjects/Tmooc/python_leanring_code/month04/Django/django8/mysite7
your processes number limit is 1392
your memory page size is 4096 bytes
detected max file descriptor number: 256
lock engine: OSX spinlocks
thunder lock: disabled (you can enable it with --thunder-lock)
uWSGI http bound on 127.0.0.1:8000 fd 4
uwsgi socket 0 bound to TCP address 127.0.0.1:62632 (port auto-assigned) fd 3
uWSGI running as root, you can use --uid/--gid/--chroot options
*** WARNING: you are running uWSGI as root !!! (use the --uid flag) *** 
Python version: 3.7.4 (default, Aug 13 2019, 15:17:50)  [Clang 4.0.1 (tags/RELEASE_401/final)]
Python main interpreter initialized at 0x7fea5c408a30
uWSGI running as root, you can use --uid/--gid/--chroot options
*** WARNING: you are running uWSGI as root !!! (use the --uid flag) *** 
python threads support enabled
your server socket listen backlog is limited to 100 connections
your mercy for graceful operations on workers is 60 seconds
mapped 166656 bytes (162 KB) for 2 cores
*** Operational MODE: threaded ***
Traceback (most recent call last):
  File "/Users/aiden_zcf/PycharmProjects/Tmooc/python_leanring_code/month04/Django/django8/mysite7/mysite7/wsgi.py", line 12, in <module>
    from django.core.wsgi import get_wsgi_application
  File "/opt/anaconda3/lib/python3.7/site-packages/Django-2.2.17-py3.7.egg/django/__init__.py", line 1, in <module>
    from django.utils.version import get_version
  File "/opt/anaconda3/lib/python3.7/site-packages/Django-2.2.17-py3.7.egg/django/utils/version.py", line 1, in <module>
    import datetime
  File "/opt/anaconda3/lib/python3.7/datetime.py", line 8, in <module>
    import math as _math
ImportError: dlopen(/opt/anaconda3/lib/python3.7/lib-dynload/math.cpython-37m-darwin.so, 2): Symbol not found: _PyExc_MemoryError
  Referenced from: /opt/anaconda3/lib/python3.7/lib-dynload/math.cpython-37m-darwin.so
  Expected in: flat namespace
 in /opt/anaconda3/lib/python3.7/lib-dynload/math.cpython-37m-darwin.so
unable to load app 0 (mountpoint='') (callable not found or import error)
*** no app loaded. going in full dynamic mode ***
uWSGI running as root, you can use --uid/--gid/--chroot options
*** WARNING: you are running uWSGI as root !!! (use the --uid flag) *** 
*** uWSGI is running in multiple interpreter mode ***
spawned uWSGI master process (pid: 29260)
spawned uWSGI worker 1 (pid: 29261, cores: 2)
spawned uWSGI http 1 (pid: 29262)
--- no python application found, check your startup logs for errors ---
[pid: 29261|app: -1|req: -1/1] 127.0.0.1 () {50 vars in 1086 bytes} [Tue Jan 19 12:00:12 2021] GET /test_page => generated 21 bytes in 0 msecs (HTTP/1.1 500) 2 headers in 83 bytes (0 switches on core 0)
--- no python application found, check your startup logs for errors ---
[pid: 29261|app: -1|req: -1/2] 127.0.0.1 () {52 vars in 1105 bytes} [Tue Jan 19 12:00:29 2021] GET /test_page => generated 21 bytes in 0 msecs (HTTP/1.1 500) 2 headers in 83 bytes (0 switches on core 1)
--- no python application found, check your startup logs for errors ---
[pid: 29261|app: -1|req: -1/3] 127.0.0.1 () {52 vars in 1104 bytes} [Tue Jan 19 12:07:10 2021] GET /test_page => generated 21 bytes in 0 msecs (HTTP/1.1 500) 2 headers in 83 bytes (1 switches on core 0)
--- no python application found, check your startup logs for errors ---
[pid: 29261|app: -1|req: -1/4] 127.0.0.1 () {52 vars in 1104 bytes} [Tue Jan 19 12:07:11 2021] GET /test_page => generated 21 bytes in 0 msecs (HTTP/1.1 500) 2 headers in 83 bytes (0 switches on core 1)
SIGINT/SIGQUIT received...killing workers...
gateway "uWSGI http 1" has been buried (pid: 29262)
worker 1 buried after 1 seconds
goodbye to uWSGI.
*** Starting uWSGI 2.0.19.1 (64bit) on [Tue Jan 19 12:07:30 2021] ***
compiled with version: Apple LLVM 12.0.0 (clang-1200.0.32.27) on 18 January 2021 16:18:34
os: Darwin-19.4.0 Darwin Kernel Version 19.4.0: Wed Mar  4 22:28:40 PST 2020; root:xnu-6153.101.6~15/RELEASE_X86_64
nodename: Aidens-MacBook-Pro.local
machine: x86_64
clock source: unix
pcre jit disabled
detected number of CPU cores: 8
current working directory: /Users/aiden_zcf/PycharmProjects/Tmooc/python_leanring_code/month04/Django/django8/mysite7/mysite7
writing pidfile to uwsgi.pid
detected binary path: /opt/anaconda3/bin/uwsgi
uWSGI running as root, you can use --uid/--gid/--chroot options
*** WARNING: you are running uWSGI as root !!! (use the --uid flag) *** 
chdir() to /Users/aiden_zcf/PycharmProjects/Tmooc/python_leanring_code/month04/Django/django8/mysite7
your processes number limit is 1392
your memory page size is 4096 bytes
detected max file descriptor number: 256
lock engine: OSX spinlocks
thunder lock: disabled (you can enable it with --thunder-lock)
uWSGI http bound on 127.0.0.1:8000 fd 4
uwsgi socket 0 bound to TCP address 127.0.0.1:63830 (port auto-assigned) fd 3
uWSGI running as root, you can use --uid/--gid/--chroot options
*** WARNING: you are running uWSGI as root !!! (use the --uid flag) *** 
Python version: 3.7.4 (default, Aug 13 2019, 15:17:50)  [Clang 4.0.1 (tags/RELEASE_401/final)]
Python main interpreter initialized at 0x7fb8f640bff0
uWSGI running as root, you can use --uid/--gid/--chroot options
*** WARNING: you are running uWSGI as root !!! (use the --uid flag) *** 
python threads support enabled
your server socket listen backlog is limited to 100 connections
your mercy for graceful operations on workers is 60 seconds
mapped 166656 bytes (162 KB) for 2 cores
*** Operational MODE: threaded ***
Traceback (most recent call last):
  File "mysite7/wsgi.py", line 12, in <module>
    from django.core.wsgi import get_wsgi_application
  File "/opt/anaconda3/lib/python3.7/site-packages/Django-2.2.17-py3.7.egg/django/__init__.py", line 1, in <module>
    from django.utils.version import get_version
  File "/opt/anaconda3/lib/python3.7/site-packages/Django-2.2.17-py3.7.egg/django/utils/version.py", line 1, in <module>
    import datetime
  File "/opt/anaconda3/lib/python3.7/datetime.py", line 8, in <module>
    import math as _math
ImportError: dlopen(/opt/anaconda3/lib/python3.7/lib-dynload/math.cpython-37m-darwin.so, 2): Symbol not found: _PyExc_MemoryError
  Referenced from: /opt/anaconda3/lib/python3.7/lib-dynload/math.cpython-37m-darwin.so
  Expected in: flat namespace
 in /opt/anaconda3/lib/python3.7/lib-dynload/math.cpython-37m-darwin.so
unable to load app 0 (mountpoint='') (callable not found or import error)
*** no app loaded. going in full dynamic mode ***
uWSGI running as root, you can use --uid/--gid/--chroot options
*** WARNING: you are running uWSGI as root !!! (use the --uid flag) *** 
*** uWSGI is running in multiple interpreter mode ***
spawned uWSGI master process (pid: 29339)
spawned uWSGI worker 1 (pid: 29340, cores: 2)
spawned uWSGI http 1 (pid: 29341)
--- no python application found, check your startup logs for errors ---
[pid: 29340|app: -1|req: -1/1] 127.0.0.1 () {52 vars in 1105 bytes} [Tue Jan 19 12:07:35 2021] GET /test_page => generated 21 bytes in 0 msecs (HTTP/1.1 500) 2 headers in 83 bytes (0 switches on core 0)
--- no python application found, check your startup logs for errors ---
[pid: 29340|app: -1|req: -1/2] 127.0.0.1 () {52 vars in 1105 bytes} [Tue Jan 19 12:07:36 2021] GET /test_page => generated 21 bytes in 0 msecs (HTTP/1.1 500) 2 headers in 83 bytes (1 switches on core 1)
--- no python application found, check your startup logs for errors ---
[pid: 29340|app: -1|req: -1/3] 127.0.0.1 () {52 vars in 1105 bytes} [Tue Jan 19 12:07:37 2021] GET /test_page => generated 21 bytes in 0 msecs (HTTP/1.1 500) 2 headers in 83 bytes (0 switches on core 0)
--- no python application found, check your startup logs for errors ---
[pid: 29340|app: -1|req: -1/4] 127.0.0.1 () {52 vars in 1105 bytes} [Tue Jan 19 12:07:37 2021] GET /test_page => generated 21 bytes in 0 msecs (HTTP/1.1 500) 2 headers in 83 bytes (1 switches on core 1)
--- no python application found, check your startup logs for errors ---
[pid: 29340|app: -1|req: -1/5] 127.0.0.1 () {52 vars in 1105 bytes} [Tue Jan 19 12:07:37 2021] GET /test_page => generated 21 bytes in 0 msecs (HTTP/1.1 500) 2 headers in 83 bytes (1 switches on core 0)
--- no python application found, check your startup logs for errors ---
[pid: 29340|app: -1|req: -1/6] 127.0.0.1 () {52 vars in 1105 bytes} [Tue Jan 19 12:07:38 2021] GET /test_page => generated 21 bytes in 0 msecs (HTTP/1.1 500) 2 headers in 83 bytes (1 switches on core 1)
--- no python application found, check your startup logs for errors ---
[pid: 29340|app: -1|req: -1/7] 127.0.0.1 () {52 vars in 1105 bytes} [Tue Jan 19 12:07:38 2021] GET /test_page => generated 21 bytes in 0 msecs (HTTP/1.1 500) 2 headers in 83 bytes (1 switches on core 0)
--- no python application found, check your startup logs for errors ---
[pid: 29340|app: -1|req: -1/8] 127.0.0.1 () {52 vars in 1105 bytes} [Tue Jan 19 12:07:38 2021] GET /test_page => generated 21 bytes in 0 msecs (HTTP/1.1 500) 2 headers in 83 bytes (1 switches on core 1)
--- no python application found, check your startup logs for errors ---
[pid: 29340|app: -1|req: -1/9] 127.0.0.1 () {52 vars in 1105 bytes} [Tue Jan 19 12:07:38 2021] GET /test_page => generated 21 bytes in 0 msecs (HTTP/1.1 500) 2 headers in 83 bytes (0 switches on core 0)
SIGINT/SIGQUIT received...killing workers...
gateway "uWSGI http 1" has been buried (pid: 29341)
worker 1 buried after 1 seconds
goodbye to uWSGI.
*** Starting uWSGI 2.0.19.1 (64bit) on [Tue Jan 19 13:40:55 2021] ***
compiled with version: Apple LLVM 12.0.0 (clang-1200.0.32.27) on 18 January 2021 16:18:34
os: Darwin-19.4.0 Darwin Kernel Version 19.4.0: Wed Mar  4 22:28:40 PST 2020; root:xnu-6153.101.6~15/RELEASE_X86_64
nodename: Aidens-MacBook-Pro.local
machine: x86_64
clock source: unix
pcre jit disabled
detected number of CPU cores: 8
current working directory: /Users/aiden_zcf/PycharmProjects/Tmooc/python_leanring_code/month04/Django/django8/mysite7/mysite7
writing pidfile to uwsgi.pid
detected binary path: /opt/anaconda3/bin/uwsgi
uWSGI running as root, you can use --uid/--gid/--chroot options
*** WARNING: you are running uWSGI as root !!! (use the --uid flag) *** 
chdir() to /Users/aiden_zcf/PycharmProjects/Tmooc/python_leanring_code/month04/Django/django8/mysite7
your processes number limit is 1392
your memory page size is 4096 bytes
detected max file descriptor number: 256
lock engine: OSX spinlocks
thunder lock: disabled (you can enable it with --thunder-lock)
uWSGI http bound on 127.0.0.1:8000 fd 4
uwsgi socket 0 bound to TCP address 127.0.0.1:64213 (port auto-assigned) fd 3
uWSGI running as root, you can use --uid/--gid/--chroot options
*** WARNING: you are running uWSGI as root !!! (use the --uid flag) *** 
Python version: 3.7.4 (default, Aug 13 2019, 15:17:50)  [Clang 4.0.1 (tags/RELEASE_401/final)]
Python main interpreter initialized at 0x7ff4e2c0ba70
uWSGI running as root, you can use --uid/--gid/--chroot options
*** WARNING: you are running uWSGI as root !!! (use the --uid flag) *** 
python threads support enabled
your server socket listen backlog is limited to 100 connections
your mercy for graceful operations on workers is 60 seconds
mapped 166656 bytes (162 KB) for 2 cores
*** Operational MODE: threaded ***
Traceback (most recent call last):
  File "mysite7/wsgi.py", line 12, in <module>
    from django.core.wsgi import get_wsgi_application
  File "/opt/anaconda3/lib/python3.7/site-packages/Django-2.2.17-py3.7.egg/django/__init__.py", line 1, in <module>
    from django.utils.version import get_version
  File "/opt/anaconda3/lib/python3.7/site-packages/Django-2.2.17-py3.7.egg/django/utils/version.py", line 1, in <module>
    import datetime
  File "/opt/anaconda3/lib/python3.7/datetime.py", line 8, in <module>
    import math as _math
ImportError: dlopen(/opt/anaconda3/lib/python3.7/lib-dynload/math.cpython-37m-darwin.so, 2): Symbol not found: _PyExc_MemoryError
  Referenced from: /opt/anaconda3/lib/python3.7/lib-dynload/math.cpython-37m-darwin.so
  Expected in: flat namespace
 in /opt/anaconda3/lib/python3.7/lib-dynload/math.cpython-37m-darwin.so
unable to load app 0 (mountpoint='') (callable not found or import error)
*** no app loaded. going in full dynamic mode ***
uWSGI running as root, you can use --uid/--gid/--chroot options
*** WARNING: you are running uWSGI as root !!! (use the --uid flag) *** 
*** uWSGI is running in multiple interpreter mode ***
spawned uWSGI master process (pid: 29407)
spawned uWSGI worker 1 (pid: 29408, cores: 2)
spawned uWSGI http 1 (pid: 29409)
--- no python application found, check your startup logs for errors ---
[pid: 29408|app: -1|req: -1/1] 127.0.0.1 () {52 vars in 1103 bytes} [Tue Jan 19 13:41:12 2021] GET /test_page => generated 21 bytes in 0 msecs (HTTP/1.1 500) 2 headers in 83 bytes (0 switches on core 0)
--- no python application found, check your startup logs for errors ---
[pid: 29408|app: -1|req: -1/2] 127.0.0.1 () {52 vars in 1105 bytes} [Tue Jan 19 13:50:06 2021] GET /test_page => generated 21 bytes in 0 msecs (HTTP/1.1 500) 2 headers in 83 bytes (0 switches on core 1)
--- no python application found, check your startup logs for errors ---
[pid: 29408|app: -1|req: -1/3] 127.0.0.1 () {52 vars in 1105 bytes} [Tue Jan 19 13:50:07 2021] GET /test_page => generated 21 bytes in 0 msecs (HTTP/1.1 500) 2 headers in 83 bytes (0 switches on core 0)
--- no python application found, check your startup logs for errors ---
[pid: 29408|app: -1|req: -1/4] 127.0.0.1 () {52 vars in 1105 bytes} [Tue Jan 19 13:50:07 2021] GET /test_page => generated 21 bytes in 0 msecs (HTTP/1.1 500) 2 headers in 83 bytes (0 switches on core 1)
SIGINT/SIGQUIT received...killing workers...
gateway "uWSGI http 1" has been buried (pid: 29409)
worker 1 buried after 1 seconds
goodbye to uWSGI.
*** Starting uWSGI 2.0.19.1 (64bit) on [Tue Jan 19 13:50:39 2021] ***
compiled with version: Apple LLVM 12.0.0 (clang-1200.0.32.27) on 18 January 2021 16:18:34
os: Darwin-19.4.0 Darwin Kernel Version 19.4.0: Wed Mar  4 22:28:40 PST 2020; root:xnu-6153.101.6~15/RELEASE_X86_64
nodename: Aidens-MacBook-Pro.local
machine: x86_64
clock source: unix
pcre jit disabled
detected number of CPU cores: 8
current working directory: /Users/aiden_zcf/PycharmProjects/Tmooc/python_leanring_code/month04/Django/django8/mysite7/mysite7
writing pidfile to uwsgi.pid
detected binary path: /opt/anaconda3/bin/uwsgi
uWSGI running as root, you can use --uid/--gid/--chroot options
*** WARNING: you are running uWSGI as root !!! (use the --uid flag) *** 
chdir() to /Users/aiden_zcf/PycharmProjects/Tmooc/python_leanring_code/month04/Django/django8/mysite7
your processes number limit is 1392
your memory page size is 4096 bytes
detected max file descriptor number: 256
lock engine: OSX spinlocks
thunder lock: disabled (you can enable it with --thunder-lock)
uWSGI http bound on 127.0.0.1:8000 fd 4
uwsgi socket 0 bound to TCP address 127.0.0.1:49973 (port auto-assigned) fd 3
uWSGI running as root, you can use --uid/--gid/--chroot options
*** WARNING: you are running uWSGI as root !!! (use the --uid flag) *** 
Python version: 3.7.4 (default, Aug 13 2019, 15:17:50)  [Clang 4.0.1 (tags/RELEASE_401/final)]
Python main interpreter initialized at 0x7fc3ccf052d0
uWSGI running as root, you can use --uid/--gid/--chroot options
*** WARNING: you are running uWSGI as root !!! (use the --uid flag) *** 
python threads support enabled
your server socket listen backlog is limited to 100 connections
your mercy for graceful operations on workers is 60 seconds
mapped 166656 bytes (162 KB) for 2 cores
*** Operational MODE: threaded ***
Traceback (most recent call last):
  File "mysite7/wsgi.py", line 12, in <module>
    from django.core.wsgi import get_wsgi_application
  File "/opt/anaconda3/lib/python3.7/site-packages/Django-2.2.17-py3.7.egg/django/__init__.py", line 1, in <module>
    from django.utils.version import get_version
  File "/opt/anaconda3/lib/python3.7/site-packages/Django-2.2.17-py3.7.egg/django/utils/version.py", line 1, in <module>
    import datetime
  File "/opt/anaconda3/lib/python3.7/datetime.py", line 8, in <module>
    import math as _math
ImportError: dlopen(/opt/anaconda3/lib/python3.7/lib-dynload/math.cpython-37m-darwin.so, 2): Symbol not found: _PyExc_MemoryError
  Referenced from: /opt/anaconda3/lib/python3.7/lib-dynload/math.cpython-37m-darwin.so
  Expected in: flat namespace
 in /opt/anaconda3/lib/python3.7/lib-dynload/math.cpython-37m-darwin.so
unable to load app 0 (mountpoint='') (callable not found or import error)
*** no app loaded. going in full dynamic mode ***
uWSGI running as root, you can use --uid/--gid/--chroot options
*** WARNING: you are running uWSGI as root !!! (use the --uid flag) *** 
*** uWSGI is running in multiple interpreter mode ***
spawned uWSGI master process (pid: 29537)
spawned uWSGI worker 1 (pid: 29538, cores: 2)
spawned uWSGI http 1 (pid: 29539)
--- no python application found, check your startup logs for errors ---
[pid: 29538|app: -1|req: -1/1] 127.0.0.1 () {52 vars in 1105 bytes} [Tue Jan 19 13:50:44 2021] GET /test_page => generated 21 bytes in 0 msecs (HTTP/1.1 500) 2 headers in 83 bytes (0 switches on core 0)
--- no python application found, check your startup logs for errors ---
[pid: 29538|app: -1|req: -1/2] 127.0.0.1 () {52 vars in 1105 bytes} [Tue Jan 19 13:50:45 2021] GET /test_page => generated 21 bytes in 0 msecs (HTTP/1.1 500) 2 headers in 83 bytes (1 switches on core 1)
--- no python application found, check your startup logs for errors ---
[pid: 29538|app: -1|req: -1/3] 127.0.0.1 () {52 vars in 1105 bytes} [Tue Jan 19 13:50:46 2021] GET /test_page => generated 21 bytes in 0 msecs (HTTP/1.1 500) 2 headers in 83 bytes (0 switches on core 0)
--- no python application found, check your startup logs for errors ---
[pid: 29538|app: -1|req: -1/4] 127.0.0.1 () {52 vars in 1105 bytes} [Tue Jan 19 13:50:47 2021] GET /test_page => generated 21 bytes in 0 msecs (HTTP/1.1 500) 2 headers in 83 bytes (1 switches on core 1)
--- no python application found, check your startup logs for errors ---
[pid: 29538|app: -1|req: -1/5] 127.0.0.1 () {52 vars in 1105 bytes} [Tue Jan 19 13:59:40 2021] GET /test_page => generated 21 bytes in 0 msecs (HTTP/1.1 500) 2 headers in 83 bytes (1 switches on core 0)
SIGINT/SIGQUIT received...killing workers...
gateway "uWSGI http 1" has been buried (pid: 29539)
worker 1 buried after 1 seconds
goodbye to uWSGI.
*** Starting uWSGI 2.0.19.1 (64bit) on [Tue Jan 19 13:59:53 2021] ***
compiled with version: Apple LLVM 12.0.0 (clang-1200.0.32.27) on 18 January 2021 16:18:34
os: Darwin-19.4.0 Darwin Kernel Version 19.4.0: Wed Mar  4 22:28:40 PST 2020; root:xnu-6153.101.6~15/RELEASE_X86_64
nodename: Aidens-MacBook-Pro.local
machine: x86_64
clock source: unix
pcre jit disabled
detected number of CPU cores: 8
current working directory: /Users/aiden_zcf/PycharmProjects/Tmooc/python_leanring_code/month04/Django/django8/mysite7/mysite7
writing pidfile to uwsgi.pid
detected binary path: /opt/anaconda3/bin/uwsgi
uWSGI running as root, you can use --uid/--gid/--chroot options
*** WARNING: you are running uWSGI as root !!! (use the --uid flag) *** 
chdir() to /Users/aiden_zcf/PycharmProjects/Tmooc/python_leanring_code/month04/Django/django8/mysite7
your processes number limit is 1392
your memory page size is 4096 bytes
detected max file descriptor number: 256
lock engine: OSX spinlocks
thunder lock: disabled (you can enable it with --thunder-lock)
uWSGI http bound on 127.0.0.1:8000 fd 4
uwsgi socket 0 bound to TCP address 127.0.0.1:52137 (port auto-assigned) fd 3
uWSGI running as root, you can use --uid/--gid/--chroot options
*** WARNING: you are running uWSGI as root !!! (use the --uid flag) *** 
Python version: 3.7.4 (default, Aug 13 2019, 15:17:50)  [Clang 4.0.1 (tags/RELEASE_401/final)]
Python main interpreter initialized at 0x7f8c59f04a80
uWSGI running as root, you can use --uid/--gid/--chroot options
*** WARNING: you are running uWSGI as root !!! (use the --uid flag) *** 
python threads support enabled
your server socket listen backlog is limited to 100 connections
your mercy for graceful operations on workers is 60 seconds
mapped 166656 bytes (162 KB) for 2 cores
*** Operational MODE: threaded ***
Traceback (most recent call last):
  File "/Users/aiden_zcf/PycharmProjects/Tmooc/python_leanring_code/month04/Django/django8/mysite7/mysite7/wsgi.py", line 12, in <module>
    from django.core.wsgi import get_wsgi_application
  File "/opt/anaconda3/lib/python3.7/site-packages/Django-2.2.17-py3.7.egg/django/__init__.py", line 1, in <module>
    from django.utils.version import get_version
  File "/opt/anaconda3/lib/python3.7/site-packages/Django-2.2.17-py3.7.egg/django/utils/version.py", line 1, in <module>
    import datetime
  File "/opt/anaconda3/lib/python3.7/datetime.py", line 8, in <module>
    import math as _math
ImportError: dlopen(/opt/anaconda3/lib/python3.7/lib-dynload/math.cpython-37m-darwin.so, 2): Symbol not found: _PyExc_MemoryError
  Referenced from: /opt/anaconda3/lib/python3.7/lib-dynload/math.cpython-37m-darwin.so
  Expected in: flat namespace
 in /opt/anaconda3/lib/python3.7/lib-dynload/math.cpython-37m-darwin.so
unable to load app 0 (mountpoint='') (callable not found or import error)
*** no app loaded. going in full dynamic mode ***
uWSGI running as root, you can use --uid/--gid/--chroot options
*** WARNING: you are running uWSGI as root !!! (use the --uid flag) *** 
*** uWSGI is running in multiple interpreter mode ***
spawned uWSGI master process (pid: 29678)
spawned uWSGI worker 1 (pid: 29679, cores: 2)
spawned uWSGI http 1 (pid: 29680)
--- no python application found, check your startup logs for errors ---
[pid: 29679|app: -1|req: -1/1] 127.0.0.1 () {52 vars in 1105 bytes} [Tue Jan 19 13:59:58 2021] GET /test_page => generated 21 bytes in 0 msecs (HTTP/1.1 500) 2 headers in 83 bytes (0 switches on core 0)
--- no python application found, check your startup logs for errors ---
[pid: 29679|app: -1|req: -1/2] 127.0.0.1 () {52 vars in 1105 bytes} [Tue Jan 19 13:59:58 2021] GET /test_page => generated 21 bytes in 0 msecs (HTTP/1.1 500) 2 headers in 83 bytes (0 switches on core 1)
--- no python application found, check your startup logs for errors ---
[pid: 29679|app: -1|req: -1/3] 127.0.0.1 () {52 vars in 1105 bytes} [Tue Jan 19 14:00:01 2021] GET /test_page => generated 21 bytes in 0 msecs (HTTP/1.1 500) 2 headers in 83 bytes (0 switches on core 0)
--- no python application found, check your startup logs for errors ---
[pid: 29679|app: -1|req: -1/4] 127.0.0.1 () {52 vars in 1105 bytes} [Tue Jan 19 14:00:02 2021] GET /test_page => generated 21 bytes in 0 msecs (HTTP/1.1 500) 2 headers in 83 bytes (1 switches on core 1)
--- no python application found, check your startup logs for errors ---
[pid: 29679|app: -1|req: -1/5] 127.0.0.1 () {52 vars in 1105 bytes} [Tue Jan 19 14:01:01 2021] GET /test_page => generated 21 bytes in 0 msecs (HTTP/1.1 500) 2 headers in 83 bytes (0 switches on core 0)
--- no python application found, check your startup logs for errors ---
[pid: 29679|app: -1|req: -1/6] 127.0.0.1 () {52 vars in 1105 bytes} [Tue Jan 19 14:02:27 2021] GET /test_page => generated 21 bytes in 0 msecs (HTTP/1.1 500) 2 headers in 83 bytes (1 switches on core 1)
--- no python application found, check your startup logs for errors ---
[pid: 29679|app: -1|req: -1/7] 127.0.0.1 () {52 vars in 1105 bytes} [Tue Jan 19 14:02:28 2021] GET /test_page => generated 21 bytes in 0 msecs (HTTP/1.1 500) 2 headers in 83 bytes (0 switches on core 0)
--- no python application found, check your startup logs for errors ---
[pid: 29679|app: -1|req: -1/8] 127.0.0.1 () {52 vars in 1105 bytes} [Tue Jan 19 14:02:29 2021] GET /test_page => generated 21 bytes in 0 msecs (HTTP/1.1 500) 2 headers in 83 bytes (1 switches on core 1)
